<?xml version="1.0" encoding="UTF-8"?>
<!-- Generated by org.testng.reporters.JUnitReportReporter -->
<testsuite hostname="SILICUS214" name="com.datadriven.test.DataProviderTest" tests="4" failures="0" timestamp="20 Nov 2019 07:00:42 GMT" time="76.411" errors="0">
  <testcase name="excelData" time="14.677" classname="com.datadriven.test.DataProviderTest"/>
  <testcase name="excelData" time="15.812" classname="com.datadriven.test.DataProviderTest"/>
  <testcase name="excelData" time="25.225" classname="com.datadriven.test.DataProviderTest"/>
  <testcase name="excelData" time="20.697" classname="com.datadriven.test.DataProviderTest"/>
</testsuite> <!-- com.datadriven.test.DataProviderTest -->
